android-app/app/build/outputs/mapping/release/mapping.txt
# compiler: R8
# compiler_version: 8.7.14
# min_api: 24
# common_typos_disable
# {"id":"com.android.tools.r8.mapping","version":"2.2"}
# pg_map_id: 203d5fc
# pg_map_hash: SHA-256 203d5fc8fea883a5d1756e49e212edfd629651fe40c3ef8197def849cf08598b
...
com.google.androidbrowserhelper.trusted.ChromeOsSupport -> R8$$REMOVED$$CLASS$$21:
# {"id":"sourceFile","fileName":"ChromeOsSupport.java"}
com.google.androidbrowserhelper.trusted.ChromeUpdatePrompt -> R8$$REMOVED$$CLASS$$22:
# {"id":"sourceFile","fileName":"ChromeUpdatePrompt.java"}
com.google.androidbrowserhelper.trusted.DelegationService -> com.google.androidbrowserhelper.trusted.DelegationService:
# {"id":"sourceFile","fileName":"DelegationService.java"}
    android.app.NotificationManager androidx.browser.trusted.TrustedWebActivityService.mNotificationManager -> a
    int androidx.browser.trusted.TrustedWebActivityService.mVerifiedUid -> b
    android.support.customtabs.trusted.ITrustedWebActivityService$Stub androidx.browser.trusted.TrustedWebActivityService.mBinder -> c
      # {"id":"com.android.tools.r8.residualsignature","signature":"Le/k;"}
    java.util.List mExtraCommandHandlers -> d
      # {"id":"com.android.tools.r8.residualsignature","signature":"Ljava/util/ArrayList;"}
    com.google.androidbrowserhelper.trusted.SharedPreferencesTokenStore mTokenStore -> e
      # {"id":"com.android.tools.r8.residualsignature","signature":"Ld/f;"}
    1:4:void androidx.browser.trusted.TrustedWebActivityService.<init>():94:94 -> <init>
    1:4:void <init>():40 -> <init>
    5:6:void androidx.browser.trusted.TrustedWebActivityService.<init>():124:124 -> <init>
    5:6:void <init>():40 -> <init>
    7:13:void androidx.browser.trusted.TrustedWebActivityService.<init>():127:127 -> <init>
    7:13:void <init>():40 -> <init>
    14:20:void <init>():37:37 -> <init>
    21:22:void <init>():41:41 -> <init>
    23:25:void com.google.androidbrowserhelper.trusted.NotificationDelegationExtraCommandHandler.<init>():28:28 -> <init>
    23:25:void <init>():41 -> <init>
com.google.androidbrowserhelper.trusted.FocusActivity -> com.google.androidbrowserhelper.trusted.FocusActivity:
# {"id":"sourceFile","fileName":"FocusActivity.java"}
    java.lang.Boolean mActivityExistsCached -> a
    1:4:void <init>():21:21 -> <init>
    1:3:void onCreate(android.os.Bundle):53:53 -> onCreate
    4:7:void onCreate(android.os.Bundle):54:54 -> onCreate
com.google.androidbrowserhelper.trusted.LauncherActivity -> com.google.androidbrowserhelper.trusted.LauncherActivity:
# {"id":"sourceFile","fileName":"LauncherActivity.java"}
    com.google.androidbrowserhelper.trusted.LauncherActivityMetadata mMetadata -> a
      # {"id":"com.android.tools.r8.residualsignature","signature":"Ll/c;"}
    boolean mBrowserWasLaunched -> b
    com.google.androidbrowserhelper.trusted.splashscreens.PwaWrapperSplashScreenStrategy mSplashScreenStrategy -> c
      # {"id":"com.android.tools.r8.residualsignature","signature":"Lm/c;"}
    com.google.androidbrowserhelper.trusted.TwaLauncher mTwaLauncher -> d
      # {"id":"com.android.tools.r8.residualsignature","signature":"Ll/l;"}
    boolean sChromeVersionChecked -> e
    int sLauncherActivitiesAlive -> f
    1:4:void <init>():97:97 -> <init>
    5:7:void onCreate(android.os.Bundle):123:123 -> onCreate
    8:19:void onCreate(android.os.Bundle):125:125 -> onCreate
    20:32:void onCreate(android.os.Bundle):127:127 -> onCreate
    33:36:void onCreate(android.os.Bundle):128:128 -> onCreate
    37:40:boolean com.google.androidbrowserhelper.trusted.SharingUtils.isShareIntent(android.content.Intent):41:41 -> onCreate
    37:40:void onCreate(android.os.Bundle):128 -> onCreate
    41:66:boolean com.google.androidbrowserhelper.trusted.SharingUtils.isShareIntent(android.content.Intent):42:42 -> onCreate
    41:66:void onCreate(android.os.Bundle):128 -> onCreate