android-app/app/build/outputs/mapping/release/usage.txt
com.nexgigs.app.R$drawable
com.nexgigs.app.R$mipmap
com.nexgigs.app.R$string
com.nexgigs.app.R$style
com.nexgigs.app.R
...
androidx.core.content.ContextCompat:
    private static final java.lang.String TAG
    protected void <init>()
    public static int checkSelfPermission(android.content.Context,java.lang.String)
    public static android.content.Context createDeviceProtectedStorageContext(android.content.Context)
    private static synchronized java.io.File createFilesDir(java.io.File)
    public static java.io.File getCodeCacheDir(android.content.Context)
    public static android.content.res.ColorStateList getColorStateList(android.content.Context,int)
    public static java.io.File getDataDir(android.content.Context)
    public static java.util.concurrent.Executor getMainExecutor(android.content.Context)
    public static java.io.File getNoBackupFilesDir(android.content.Context)
    public static java.io.File[] getObbDirs(android.content.Context)
    public static java.lang.Object getSystemService(android.content.Context,java.lang.Class)
    public static java.lang.String getSystemServiceName(android.content.Context,java.lang.Class)
    public static boolean isDeviceProtectedStorage(android.content.Context)
    public static boolean startActivities(android.content.Context,android.content.Intent[])
    public static boolean startActivities(android.content.Context,android.content.Intent[],android.os.Bundle)
    public static void startForegroundService(android.content.Context,android.content.Intent)
androidx.core.content.FileProvider$PathStrategy:
    public abstract java.io.File getFileForUri(android.net.Uri)
androidx.core.content.FileProvider$SimplePathStrategy:
    public java.io.File getFileForUri(android.net.Uri)
androidx.core.content.FileProvider:
    private static final java.lang.String ATTR_NAME
    private static final java.lang.String ATTR_PATH
    private static final java.lang.String META_DATA_FILE_PROVIDER_PATHS
    private static final java.lang.String TAG_CACHE_PATH
    private static final java.lang.String TAG_EXTERNAL
    private static final java.lang.String TAG_EXTERNAL_CACHE
    private static final java.lang.String TAG_EXTERNAL_FILES
    private static final java.lang.String TAG_EXTERNAL_MEDIA
    private static final java.lang.String TAG_FILES_PATH
    private static final java.lang.String TAG_ROOT_PATH
    private androidx.core.content.FileProvider$PathStrategy mStrategy
    public void <init>()
    public void attachInfo(android.content.Context,android.content.pm.ProviderInfo)
    private static java.lang.Object[] copyOf(java.lang.Object[],int)
    private static java.lang.String[] copyOf(java.lang.String[],int)
    public int delete(android.net.Uri,java.lang.String,java.lang.String[])
    public java.lang.String getType(android.net.Uri)
    public android.net.Uri insert(android.net.Uri,android.content.ContentValues)
    private static int modeToMode(java.lang.String)
    public boolean onCreate()
    public android.os.ParcelFileDescriptor openFile(android.net.Uri,java.lang.String)
    public android.database.Cursor query(android.net.Uri,java.lang.String[],java.lang.String,java.lang.String[],java.lang.String)
androidx.core.content.IntentCompat
androidx.core.content.MimeTypeFilter
androidx.core.content.PermissionChecker$PermissionResult
androidx.core.content.PermissionChecker
androidx.core.content.SharedPreferencesCompat$EditorCompat$Helper
androidx.core.content.SharedPreferencesCompat$EditorCompat
androidx.core.content.SharedPreferencesCompat
androidx.core.content.pm.ActivityInfoCompat
androidx.core.content.pm.PackageInfoCompat
androidx.core.content.pm.PermissionInfoCompat$Protection
androidx.core.content.pm.PermissionInfoCompat$ProtectionFlags
androidx.core.content.pm.PermissionInfoCompat
androidx.core.content.pm.ShortcutInfoCompat$Builder
androidx.core.content.pm.ShortcutInfoCompat
androidx.core.content.pm.ShortcutInfoCompatSaver$NoopImpl
androidx.core.content.pm.ShortcutInfoCompatSaver
androidx.core.content.pm.ShortcutManagerCompat$1
androidx.core.content.pm.ShortcutManagerCompat